<?xml version="1.0" encoding="UTF-8"?>
<!-- Generated by org.testng.reporters.JUnitReportReporter -->
<testsuite hostname="LAPTOP-BA4080KV" failures="0" tests="2" name="com.projectDemo.Test.TC003_GetQuoteAnimal_Rabbit" time="151.244" errors="0" timestamp="2020-08-11T23:05:07 EDT" skipped="0">
  <testcase classname="com.projectDemo.Test.TC003_GetQuoteAnimal_Rabbit" name="TestCase" time="60.212"/>
  <system-out/>
  <testcase classname="com.projectDemo.Test.TC003_GetQuoteAnimal_Rabbit" name="TestCase" time="91.032"/>
  <system-out/>
</testsuite> <!-- com.projectDemo.Test.TC003_GetQuoteAnimal_Rabbit -->
