<?xml version="1.0" encoding="UTF-8"?>
<!-- Generated by org.testng.reporters.JUnitReportReporter -->
<testsuite hostname="LAPTOP-BA4080KV" failures="0" tests="6" name="com.projectDemo.Test.TC001_AddUser" time="0.055" errors="0" timestamp="2020-08-07T16:42:13 EDT" skipped="0">
  <testcase classname="com.projectDemo.Test.TC001_AddUser" name="TestCase" time="0.020"/>
  <system-out/>
  <testcase classname="com.projectDemo.Test.TC001_AddUser" name="TestCase" time="0.005"/>
  <system-out/>
  <testcase classname="com.projectDemo.Test.TC001_AddUser" name="TestCase" time="0.009"/>
  <system-out/>
  <testcase classname="com.projectDemo.Test.TC001_AddUser" name="TestCase" time="0.010"/>
  <system-out/>
  <testcase classname="com.projectDemo.Test.TC001_AddUser" name="TestCase" time="0.007"/>
  <system-out/>
  <testcase classname="com.projectDemo.Test.TC001_AddUser" name="TestCase" time="0.004"/>
  <system-out/>
</testsuite> <!-- com.projectDemo.Test.TC001_AddUser -->
