<?xml version="1.0" encoding="UTF-8"?>
<!-- Generated by org.testng.reporters.JUnitReportReporter -->
<testsuite hostname="LAPTOP-BA4080KV" failures="0" tests="1" name="com.projectDemo.Test.TC002_GetQuoteAnimal_Cat2" time="12.091" errors="0" timestamp="2020-12-24T13:17:51 EST" skipped="0">
  <testcase classname="com.projectDemo.Test.TC002_GetQuoteAnimal_Cat2" name="TestCase" time="12.091"/>
  <system-out/>
</testsuite> <!-- com.projectDemo.Test.TC002_GetQuoteAnimal_Cat2 -->
