<?xml version="1.0" encoding="UTF-8"?>
<!-- Generated by org.testng.reporters.JUnitReportReporter -->
<testsuite hostname="LAPTOP-BA4080KV" failures="0" tests="2" name="com.projectDemo.Test.TC002_GetQuoteAnimal_Cat" time="153.866" errors="0" timestamp="2020-08-11T22:47:41 EDT" skipped="0">
  <testcase classname="com.projectDemo.Test.TC002_GetQuoteAnimal_Cat" name="TestCase" time="89.490"/>
  <system-out/>
  <testcase classname="com.projectDemo.Test.TC002_GetQuoteAnimal_Cat" name="TestCase" time="64.376"/>
  <system-out/>
</testsuite> <!-- com.projectDemo.Test.TC002_GetQuoteAnimal_Cat -->
